nohup: ignoring input
INFO 2026-02-25 08:07:37,801 autoreload Watching for file changes with StatReloader
INFO 2026-02-25 08:08:06,221 autoreload /home/varshith/Desktop/IP/Elite/sst_backend/config/settings.py changed, reloading.
Performing system checks...

System check identified no issues (0 silenced).
February 25, 2026 - 08:07:39
Django version 6.0.2, using settings 'config.settings'
Starting development server at http://127.0.0.1:8000/
Quit the server with CONTROL-C.

WARNING: This is a development server. Do not use it in a production setting. Use a production WSGI or ASGI server instead.
For more information on production servers see: https://docs.djangoproject.com/en/6.0/howto/deployment/
INFO 2026-02-25 08:08:07,510 autoreload Watching for file changes with StatReloader
INFO 2026-02-25 08:08:19,711 autoreload /home/varshith/Desktop/IP/Elite/sst_backend/config/settings.py changed, reloading.
Performing system checks...

System check identified no issues (0 silenced).
February 25, 2026 - 08:08:09
Django version 6.0.2, using settings 'config.settings'
Starting development server at http://127.0.0.1:8000/
Quit the server with CONTROL-C.

WARNING: This is a development server. Do not use it in a production setting. Use a production WSGI or ASGI server instead.
For more information on production servers see: https://docs.djangoproject.com/en/6.0/howto/deployment/
INFO 2026-02-25 08:08:20,960 autoreload Watching for file changes with StatReloader
INFO 2026-02-25 08:08:38,426 log "POST /api/auth/register/ HTTP/1.1" 201 114
INFO 2026-02-25 08:08:53,667 log "PUT /api/me/ HTTP/1.1" 200 310
INFO 2026-02-25 08:09:49,281 log "PUT /api/me/ HTTP/1.1" 200 355
INFO 2026-02-25 08:09:50,837 log "GET /api/me/ HTTP/1.1" 200 355
INFO 2026-02-25 08:09:50,878 log "OPTIONS /api/profile/?leetcode=0JUvS8k2NQ HTTP/1.1" 200 0
ERROR 2026-02-25 08:09:51,782 leetcode_service LeetCode fetch failed for 0JUvS8k2NQ: 499 Client Error: <none> for url: https://leetcode.com/graphql
INFO 2026-02-25 08:09:51,787 log "GET /api/profile/?leetcode=0JUvS8k2NQ HTTP/1.1" 200 62
INFO 2026-02-25 08:10:05,286 log "GET /api/me/ HTTP/1.1" 200 355
INFO 2026-02-25 08:15:19,036 log "PUT /api/me/ HTTP/1.1" 200 389
INFO 2026-02-25 08:15:25,918 log "GET /api/me/ HTTP/1.1" 200 389
INFO 2026-02-25 08:15:25,930 log "OPTIONS /api/profile/?leetcode=0JUvS8k2NQ&codechef=reddemvarshith&gfg=reddemvasrtp&hackerrank=reddemvarshith HTTP/1.1" 200 0
INFO 2026-02-25 08:15:32,349 log "GET /api/profile/?leetcode=0JUvS8k2NQ&codechef=reddemvarshith&gfg=reddemvasrtp&hackerrank=reddemvarshith HTTP/1.1" 200 156
INFO 2026-02-25 08:15:53,633 log "GET /api/me/ HTTP/1.1" 200 389
INFO 2026-02-25 08:16:05,314 log "PUT /api/me/ HTTP/1.1" 200 398
INFO 2026-02-25 08:16:06,704 log "GET /api/me/ HTTP/1.1" 200 398
INFO 2026-02-25 08:16:06,714 log "OPTIONS /api/profile/?leetcode=0JUvS8k2NQ&codechef=reddemvarshith&gfg=Reddem+VarshithRbxXee&hackerrank=reddemvarshith HTTP/1.1" 200 0
/home/varshith/Desktop/IP/Elite/sst_backend/venv/lib/python3.13/site-packages/django/core/cache/backends/base.py:119: CacheKeyWarning: Cache key contains characters that will cause errors if used with memcached: ':1:profile_0JUvS8k2NQ_reddemvarshith_Reddem VarshithRbxXee_reddemvarshith'
  warnings.warn(warning, CacheKeyWarning)
INFO 2026-02-25 08:16:17,389 log "GET /api/profile/?leetcode=0JUvS8k2NQ&codechef=reddemvarshith&gfg=Reddem+VarshithRbxXee&hackerrank=reddemvarshith HTTP/1.1" 200 156
INFO 2026-02-25 08:16:35,419 log "GET /api/me/ HTTP/1.1" 200 398
INFO 2026-02-25 08:16:40,452 log "PUT /api/me/ HTTP/1.1" 200 389
INFO 2026-02-25 08:16:41,638 log "GET /api/me/ HTTP/1.1" 200 389
INFO 2026-02-25 08:16:42,015 log "GET /api/profile/?leetcode=0JUvS8k2NQ&codechef=reddemvarshith&gfg=reddemvasrtp&hackerrank=reddemvarshith HTTP/1.1" 200 156
INFO 2026-02-25 08:20:46,378 log "GET /api/me/ HTTP/1.1" 200 389
INFO 2026-02-25 08:20:54,731 log "GET /api/me/ HTTP/1.1" 200 389
INFO 2026-02-25 08:20:58,755 log "GET /api/profile/?leetcode=0JUvS8k2NQ&codechef=reddemvarshith&gfg=reddemvasrtp&hackerrank=reddemvarshith HTTP/1.1" 200 156
INFO 2026-02-25 08:20:59,780 autoreload /home/varshith/Desktop/IP/Elite/sst_backend/profiles/services/codechef_service.py changed, reloading.
Performing system checks...

System check identified no issues (0 silenced).
February 25, 2026 - 08:08:23
Django version 6.0.2, using settings 'config.settings'
Starting development server at http://127.0.0.1:8000/
Quit the server with CONTROL-C.

WARNING: This is a development server. Do not use it in a production setting. Use a production WSGI or ASGI server instead.
For more information on production servers see: https://docs.djangoproject.com/en/6.0/howto/deployment/
INFO 2026-02-25 08:21:01,038 autoreload Watching for file changes with StatReloader
INFO 2026-02-25 08:21:51,820 log "GET /api/profile/?leetcode=lee215&codechef=tourist&gfg=varshith20042&hackerrank=tourist HTTP/1.1" 200 236
INFO 2026-02-25 08:22:30,634 log "GET /api/me/ HTTP/1.1" 200 389
INFO 2026-02-25 08:22:34,478 log "GET /api/profile/?leetcode=0JUvS8k2NQ&codechef=reddemvarshith&gfg=reddemvasrtp&hackerrank=reddemvarshith HTTP/1.1" 200 310
INFO 2026-02-25 08:24:57,704 log "GET /api/me/ HTTP/1.1" 200 389
INFO 2026-02-25 08:24:58,220 log "GET /api/profile/?leetcode=0JUvS8k2NQ&codechef=reddemvarshith&gfg=reddemvasrtp&hackerrank=reddemvarshith HTTP/1.1" 200 310
INFO 2026-02-25 08:28:58,404 autoreload /home/varshith/Desktop/IP/Elite/sst_backend/profiles/services/gfg_service.py changed, reloading.
Performing system checks...

System check identified no issues (0 silenced).
February 25, 2026 - 08:21:10
Django version 6.0.2, using settings 'config.settings'
Starting development server at http://127.0.0.1:8000/
Quit the server with CONTROL-C.

WARNING: This is a development server. Do not use it in a production setting. Use a production WSGI or ASGI server instead.
For more information on production servers see: https://docs.djangoproject.com/en/6.0/howto/deployment/
INFO 2026-02-25 08:28:59,589 autoreload Watching for file changes with StatReloader
INFO 2026-02-25 08:29:22,927 log "GET /api/profile/?gfg=reddemvasrtp HTTP/1.1" 200 92
INFO 2026-02-25 08:30:21,234 log "GET /api/me/ HTTP/1.1" 200 389
INFO 2026-02-25 08:30:27,054 log "GET /api/profile/?leetcode=0JUvS8k2NQ&codechef=reddemvarshith&gfg=reddemvasrtp&hackerrank=reddemvarshith HTTP/1.1" 200 313
INFO 2026-02-25 08:34:27,602 autoreload /home/varshith/Desktop/IP/Elite/sst_backend/profiles/models.py changed, reloading.
Performing system checks...

System check identified no issues (0 silenced).
February 25, 2026 - 08:29:05
Django version 6.0.2, using settings 'config.settings'
Starting development server at http://127.0.0.1:8000/
Quit the server with CONTROL-C.

WARNING: This is a development server. Do not use it in a production setting. Use a production WSGI or ASGI server instead.
For more information on production servers see: https://docs.djangoproject.com/en/6.0/howto/deployment/
INFO 2026-02-25 08:34:28,830 autoreload Watching for file changes with StatReloader
INFO 2026-02-25 08:35:57,563 autoreload /home/varshith/Desktop/IP/Elite/sst_backend/profiles/views.py changed, reloading.
Performing system checks...

System check identified no issues (0 silenced).
February 25, 2026 - 08:34:32
Django version 6.0.2, using settings 'config.settings'
Starting development server at http://127.0.0.1:8000/
Quit the server with CONTROL-C.

WARNING: This is a development server. Do not use it in a production setting. Use a production WSGI or ASGI server instead.
For more information on production servers see: https://docs.djangoproject.com/en/6.0/howto/deployment/
INFO 2026-02-25 08:35:58,838 autoreload Watching for file changes with StatReloader
INFO 2026-02-25 08:36:40,695 autoreload /home/varshith/Desktop/IP/Elite/sst_backend/profiles/urls.py changed, reloading.
Performing system checks...

System check identified no issues (0 silenced).
February 25, 2026 - 08:36:05
Django version 6.0.2, using settings 'config.settings'
Starting development server at http://127.0.0.1:8000/
Quit the server with CONTROL-C.

WARNING: This is a development server. Do not use it in a production setting. Use a production WSGI or ASGI server instead.
For more information on production servers see: https://docs.djangoproject.com/en/6.0/howto/deployment/
INFO 2026-02-25 08:36:41,968 autoreload Watching for file changes with StatReloader
INFO 2026-02-25 08:37:45,476 log "GET /api/me/ HTTP/1.1" 200 481
ERROR 2026-02-25 08:37:48,673 leetcode_service LeetCode fetch failed for 0JUvS8k2NQ: 499 Client Error: <none> for url: https://leetcode.com/graphql
INFO 2026-02-25 08:37:51,657 log "GET /api/profile/?leetcode=0JUvS8k2NQ&codechef=reddemvarshith&gfg=reddemvasrtp&hackerrank=reddemvarshith HTTP/1.1" 200 246
INFO 2026-02-25 08:38:08,953 log "GET /api/leaderboard/ HTTP/1.1" 200 4782
INFO 2026-02-25 08:40:59,496 log "GET /api/me/ HTTP/1.1" 200 489
INFO 2026-02-25 08:41:00,288 log "GET /api/profile/?leetcode=0JUvS8k2NQ&codechef=reddemvarshith&gfg=reddemvasrtp&hackerrank=reddemvarshith HTTP/1.1" 200 246
INFO 2026-02-25 08:41:07,995 log "GET /api/me/ HTTP/1.1" 200 489
INFO 2026-02-25 08:41:08,389 log "GET /api/profile/?leetcode=0JUvS8k2NQ&codechef=reddemvarshith&gfg=reddemvasrtp&hackerrank=reddemvarshith HTTP/1.1" 200 246
INFO 2026-02-25 08:42:01,878 log "OPTIONS /api/auth/login/ HTTP/1.1" 200 0
INFO 2026-02-25 08:42:03,896 log "POST /api/auth/login/ HTTP/1.1" 200 64
INFO 2026-02-25 08:42:05,535 log "GET /api/me/ HTTP/1.1" 200 489
INFO 2026-02-25 08:42:05,712 log "GET /api/profile/?leetcode=0JUvS8k2NQ&codechef=reddemvarshith&gfg=reddemvasrtp&hackerrank=reddemvarshith HTTP/1.1" 200 246
INFO 2026-02-25 08:44:04,276 log "GET /api/me/ HTTP/1.1" 200 489
INFO 2026-02-25 08:44:12,820 log "GET /api/profile/?leetcode=0JUvS8k2NQ&codechef=reddemvarshith&gfg=reddemvasrtp&hackerrank=reddemvarshith HTTP/1.1" 200 313
